# JRE version: OpenJDK Runtime Environment (8.0_152-b02) (build 1.8.0_152-release-1024-b02)
# Java VM: OpenJDK 64-Bit Server VM (25.152-b02 mixed mode windows-amd64 compressed oops)
Heap:
 PSYoungGen      total 390144K, used 82229K [0x00000000e0000000, 0x00000000ff980000, 0x0000000100000000)
  eden space 362496K, 15% used [0x00000000e0000000,0x00000000e35a3670,0x00000000f6200000)
  from space 27648K, 98% used [0x00000000f6200000,0x00000000f7caa178,0x00000000f7d00000)
  to   space 76288K, 0% used [0x00000000faf00000,0x00000000faf00000,0x00000000ff980000)
 ParOldGen       total 299008K, used 147787K [0x00000000a0000000, 0x00000000b2400000, 0x00000000e0000000)
  object space 299008K, 49% used [0x00000000a0000000,0x00000000a9052da8,0x00000000b2400000)
 Metaspace       used 117386K, capacity 125785K, committed 125912K, reserved 1159168K
  class space    used 14401K, capacity 16277K, committed 16384K, reserved 1048576K
GC Heap History (10 events):
Event: 2246.811 GC heap before
{Heap before GC invocations=37 (full 6):
 PSYoungGen      total 439296K, used 398809K [0x00000000e0000000, 0x00000000ff800000, 0x0000000100000000)
  eden space 370688K, 100% used [0x00000000e0000000,0x00000000f6a00000,0x00000000f6a00000)
  from space 68608K, 40% used [0x00000000fb500000,0x00000000fd076608,0x00000000ff800000)
  to   space 72704K, 0% used [0x00000000f6a00000,0x00000000f6a00000,0x00000000fb100000)
 ParOldGen       total 299008K, used 142385K [0x00000000a0000000, 0x00000000b2400000, 0x00000000e0000000)
  object space 299008K, 47% used [0x00000000a0000000,0x00000000a8b0c568,0x00000000b2400000)
 Metaspace       used 114159K, capacity 120845K, committed 121176K, reserved 1155072K
  class space    used 14023K, capacity 15408K, committed 15488K, reserved 1048576K
Event: 2246.827 GC heap after
Heap after GC invocations=37 (full 6):
 PSYoungGen      total 443392K, used 10113K [0x00000000e0000000, 0x0000000100000000, 0x0000000100000000)
  eden space 370688K, 0% used [0x00000000e0000000,0x00000000e0000000,0x00000000f6a00000)
  from space 72704K, 13% used [0x00000000f6a00000,0x00000000f73e0428,0x00000000fb100000)
  to   space 71680K, 0% used [0x00000000fba00000,0x00000000fba00000,0x0000000100000000)
 ParOldGen       total 299008K, used 143237K [0x00000000a0000000, 0x00000000b2400000, 0x00000000e0000000)
  object space 299008K, 47% used [0x00000000a0000000,0x00000000a8be1598,0x00000000b2400000)
 Metaspace       used 114159K, capacity 120845K, committed 121176K, reserved 1155072K
  class space    used 14023K, capacity 15408K, committed 15488K, reserved 1048576K
}
Event: 2277.797 GC heap before
{Heap before GC invocations=38 (full 6):
 PSYoungGen      total 443392K, used 380801K [0x00000000e0000000, 0x0000000100000000, 0x0000000100000000)
  eden space 370688K, 100% used [0x00000000e0000000,0x00000000f6a00000,0x00000000f6a00000)
  from space 72704K, 13% used [0x00000000f6a00000,0x00000000f73e0428,0x00000000fb100000)
  to   space 71680K, 0% used [0x00000000fba00000,0x00000000fba00000,0x0000000100000000)
 ParOldGen       total 299008K, used 143237K [0x00000000a0000000, 0x00000000b2400000, 0x00000000e0000000)
  object space 299008K, 47% used [0x00000000a0000000,0x00000000a8be1598,0x00000000b2400000)
 Metaspace       used 114377K, capacity 121059K, committed 121176K, reserved 1155072K
  class space    used 14025K, capacity 15409K, committed 15488K, reserved 1048576K
Event: 2277.835 GC heap after
Heap after GC invocations=38 (full 6):
 PSYoungGen      total 449536K, used 38370K [0x00000000e0000000, 0x00000000ffe00000, 0x0000000100000000)
  eden space 379904K, 0% used [0x00000000e0000000,0x00000000e0000000,0x00000000f7300000)
  from space 69632K, 55% used [0x00000000fba00000,0x00000000fdf78950,0x00000000ffe00000)
  to   space 71168K, 0% used [0x00000000f7300000,0x00000000f7300000,0x00000000fb880000)
 ParOldGen       total 299008K, used 143469K [0x00000000a0000000, 0x00000000b2400000, 0x00000000e0000000)
  object space 299008K, 47% used [0x00000000a0000000,0x00000000a8c1b5a8,0x00000000b2400000)
 Metaspace       used 114377K, capacity 121059K, committed 121176K, reserved 1155072K
  class space    used 14025K, capacity 15409K, committed 15488K, reserved 1048576K
}
Event: 2289.308 GC heap before
{Heap before GC invocations=39 (full 6):
 PSYoungGen      total 449536K, used 418274K [0x00000000e0000000, 0x00000000ffe00000, 0x0000000100000000)
  eden space 379904K, 100% used [0x00000000e0000000,0x00000000f7300000,0x00000000f7300000)
  from space 69632K, 55% used [0x00000000fba00000,0x00000000fdf78950,0x00000000ffe00000)
  to   space 71168K, 0% used [0x00000000f7300000,0x00000000f7300000,0x00000000fb880000)
 ParOldGen       total 299008K, used 143469K [0x00000000a0000000, 0x00000000b2400000, 0x00000000e0000000)
  object space 299008K, 47% used [0x00000000a0000000,0x00000000a8c1b5a8,0x00000000b2400000)
 Metaspace       used 114536K, capacity 121219K, committed 121432K, reserved 1155072K
  class space    used 14029K, capacity 15415K, committed 15488K, reserved 1048576K
Event: 2289.415 GC heap after
Heap after GC invocations=39 (full 6):
 PSYoungGen      total 445952K, used 65712K [0x00000000e0000000, 0x0000000100000000, 0x0000000100000000)
  eden space 379904K, 0% used [0x00000000e0000000,0x00000000e0000000,0x00000000f7300000)
  from space 66048K, 99% used [0x00000000f7300000,0x00000000fb32c1b8,0x00000000fb380000)
  to   space 78336K, 0% used [0x00000000fb380000,0x00000000fb380000,0x0000000100000000)
 ParOldGen       total 299008K, used 146461K [0x00000000a0000000, 0x00000000b2400000, 0x00000000e0000000)
  object space 299008K, 48% used [0x00000000a0000000,0x00000000a8f075d8,0x00000000b2400000)
 Metaspace       used 114536K, capacity 121219K, committed 121432K, reserved 1155072K
  class space    used 14029K, capacity 15415K, committed 15488K, reserved 1048576K
}
Event: 2693.476 GC heap before
{Heap before GC invocations=40 (full 6):
 PSYoungGen      total 445952K, used 445616K [0x00000000e0000000, 0x0000000100000000, 0x0000000100000000)
  eden space 379904K, 100% used [0x00000000e0000000,0x00000000f7300000,0x00000000f7300000)
  from space 66048K, 99% used [0x00000000f7300000,0x00000000fb32c1b8,0x00000000fb380000)
  to   space 78336K, 0% used [0x00000000fb380000,0x00000000fb380000,0x0000000100000000)
 ParOldGen       total 299008K, used 146461K [0x00000000a0000000, 0x00000000b2400000, 0x00000000e0000000)
  object space 299008K, 48% used [0x00000000a0000000,0x00000000a8f075d8,0x00000000b2400000)
 Metaspace       used 115751K, capacity 123003K, committed 123224K, reserved 1157120K
  class space    used 14165K, capacity 15679K, committed 15744K, reserved 1048576K
Event: 2693.488 GC heap after
Heap after GC invocations=40 (full 6):
 PSYoungGen      total 440832K, used 2682K [0x00000000e0000000, 0x0000000100000000, 0x0000000100000000)
  eden space 362496K, 0% used [0x00000000e0000000,0x00000000e0000000,0x00000000f6200000)
  from space 78336K, 3% used [0x00000000fb380000,0x00000000fb61e960,0x0000000100000000)
  to   space 80896K, 0% used [0x00000000f6200000,0x00000000f6200000,0x00000000fb100000)
 ParOldGen       total 299008K, used 146621K [0x00000000a0000000, 0x00000000b2400000, 0x00000000e0000000)
  object space 299008K, 49% used [0x00000000a0000000,0x00000000a8f2f5e8,0x00000000b2400000)
 Metaspace       used 115751K, capacity 123003K, committed 123224K, reserved 1157120K
  class space    used 14165K, capacity 15679K, committed 15744K, reserved 1048576K
}
Event: 3065.431 GC heap before
{Heap before GC invocations=41 (full 6):
 PSYoungGen      total 440832K, used 365178K [0x00000000e0000000, 0x0000000100000000, 0x0000000100000000)
  eden space 362496K, 100% used [0x00000000e0000000,0x00000000f6200000,0x00000000f6200000)
  from space 78336K, 3% used [0x00000000fb380000,0x00000000fb61e960,0x0000000100000000)
  to   space 80896K, 0% used [0x00000000f6200000,0x00000000f6200000,0x00000000fb100000)
 ParOldGen       total 299008K, used 146621K [0x00000000a0000000, 0x00000000b2400000, 0x00000000e0000000)
  object space 299008K, 49% used [0x00000000a0000000,0x00000000a8f2f5e8,0x00000000b2400000)
 Metaspace       used 117019K, capacity 125129K, committed 125400K, reserved 1159168K
  class space    used 14337K, capacity 16104K, committed 16128K, reserved 1048576K
Event: 3065.470 GC heap after
Heap after GC invocations=41 (full 6):
 PSYoungGen      total 390144K, used 27304K [0x00000000e0000000, 0x00000000ff980000, 0x0000000100000000)
  eden space 362496K, 0% used [0x00000000e0000000,0x00000000e0000000,0x00000000f6200000)
  from space 27648K, 98% used [0x00000000f6200000,0x00000000f7caa178,0x00000000f7d00000)
  to   space 76288K, 0% used [0x00000000faf00000,0x00000000faf00000,0x00000000ff980000)
 ParOldGen       total 299008K, used 147787K [0x00000000a0000000, 0x00000000b2400000, 0x00000000e0000000)
  object space 299008K, 49% used [0x00000000a0000000,0x00000000a9052da8,0x00000000b2400000)
 Metaspace       used 117019K, capacity 125129K, committed 125400K, reserved 1159168K
  class space    used 14337K, capacity 16104K, committed 16128K, reserved 1048576K
}

