# JRE version: OpenJDK Runtime Environment (8.0_152-b02) (build 1.8.0_152-release-1024-b02)
# Java VM: OpenJDK 64-Bit Server VM (25.152-b02 mixed mode windows-amd64 compressed oops)
Heap:
 PSYoungGen      total 441344K, used 395203K [0x00000000e0000000, 0x0000000100000000, 0x0000000100000000)
  eden space 365568K, 92% used [0x00000000e0000000,0x00000000f4b2d058,0x00000000f6500000)
  from space 75776K, 74% used [0x00000000fb600000,0x00000000fecc3ba8,0x0000000100000000)
  to   space 79360K, 0% used [0x00000000f6500000,0x00000000f6500000,0x00000000fb280000)
 ParOldGen       total 237568K, used 157181K [0x00000000a0000000, 0x00000000ae800000, 0x00000000e0000000)
  object space 237568K, 66% used [0x00000000a0000000,0x00000000a997f410,0x00000000ae800000)
 Metaspace       used 88249K, capacity 93540K, committed 93696K, reserved 1130496K
  class space    used 11185K, capacity 12262K, committed 12288K, reserved 1048576K
GC Heap History (10 events):
Event: 1165.381 GC heap before
{Heap before GC invocations=22 (full 5):
 PSYoungGen      total 452608K, used 434233K [0x00000000e0000000, 0x0000000100000000, 0x0000000100000000)
  eden space 387072K, 100% used [0x00000000e0000000,0x00000000f7a00000,0x00000000f7a00000)
  from space 65536K, 71% used [0x00000000fbd80000,0x00000000feb8e460,0x00000000ffd80000)
  to   space 68608K, 0% used [0x00000000f7a00000,0x00000000f7a00000,0x00000000fbd00000)
 ParOldGen       total 267264K, used 181579K [0x00000000a0000000, 0x00000000b0500000, 0x00000000e0000000)
  object space 267264K, 67% used [0x00000000a0000000,0x00000000ab152d70,0x00000000b0500000)
 Metaspace       used 86975K, capacity 91680K, committed 91904K, reserved 1128448K
  class space    used 11014K, capacity 12012K, committed 12032K, reserved 1048576K
Event: 1165.501 GC heap after
Heap after GC invocations=22 (full 5):
 PSYoungGen      total 446464K, used 59378K [0x00000000e0000000, 0x0000000100000000, 0x0000000100000000)
  eden space 387072K, 0% used [0x00000000e0000000,0x00000000e0000000,0x00000000f7a00000)
  from space 59392K, 99% used [0x00000000f7a00000,0x00000000fb3fc808,0x00000000fb400000)
  to   space 75264K, 0% used [0x00000000fb680000,0x00000000fb680000,0x0000000100000000)
 ParOldGen       total 267264K, used 227096K [0x00000000a0000000, 0x00000000b0500000, 0x00000000e0000000)
  object space 267264K, 84% used [0x00000000a0000000,0x00000000addc6150,0x00000000b0500000)
 Metaspace       used 86975K, capacity 91680K, committed 91904K, reserved 1128448K
  class space    used 11014K, capacity 12012K, committed 12032K, reserved 1048576K
}
Event: 1165.501 GC heap before
{Heap before GC invocations=23 (full 6):
 PSYoungGen      total 446464K, used 59378K [0x00000000e0000000, 0x0000000100000000, 0x0000000100000000)
  eden space 387072K, 0% used [0x00000000e0000000,0x00000000e0000000,0x00000000f7a00000)
  from space 59392K, 99% used [0x00000000f7a00000,0x00000000fb3fc808,0x00000000fb400000)
  to   space 75264K, 0% used [0x00000000fb680000,0x00000000fb680000,0x0000000100000000)
 ParOldGen       total 267264K, used 227096K [0x00000000a0000000, 0x00000000b0500000, 0x00000000e0000000)
  object space 267264K, 84% used [0x00000000a0000000,0x00000000addc6150,0x00000000b0500000)
 Metaspace       used 86975K, capacity 91680K, committed 91904K, reserved 1128448K
  class space    used 11014K, capacity 12012K, committed 12032K, reserved 1048576K
Event: 1165.763 GC heap after
Heap after GC invocations=23 (full 6):
 PSYoungGen      total 446464K, used 0K [0x00000000e0000000, 0x0000000100000000, 0x0000000100000000)
  eden space 387072K, 0% used [0x00000000e0000000,0x00000000e0000000,0x00000000f7a00000)
  from space 59392K, 0% used [0x00000000f7a00000,0x00000000f7a00000,0x00000000fb400000)
  to   space 75264K, 0% used [0x00000000fb680000,0x00000000fb680000,0x0000000100000000)
 ParOldGen       total 237568K, used 83370K [0x00000000a0000000, 0x00000000ae800000, 0x00000000e0000000)
  object space 237568K, 35% used [0x00000000a0000000,0x00000000a516ab58,0x00000000ae800000)
 Metaspace       used 85303K, capacity 89892K, committed 91904K, reserved 1128448K
  class space    used 10855K, capacity 11798K, committed 12032K, reserved 1048576K
}
Event: 4820.101 GC heap before
{Heap before GC invocations=24 (full 6):
 PSYoungGen      total 446464K, used 387072K [0x00000000e0000000, 0x0000000100000000, 0x0000000100000000)
  eden space 387072K, 100% used [0x00000000e0000000,0x00000000f7a00000,0x00000000f7a00000)
  from space 59392K, 0% used [0x00000000f7a00000,0x00000000f7a00000,0x00000000fb400000)
  to   space 75264K, 0% used [0x00000000fb680000,0x00000000fb680000,0x0000000100000000)
 ParOldGen       total 237568K, used 83370K [0x00000000a0000000, 0x00000000ae800000, 0x00000000e0000000)
  object space 237568K, 35% used [0x00000000a0000000,0x00000000a516ab58,0x00000000ae800000)
 Metaspace       used 85894K, capacity 90648K, committed 92032K, reserved 1128448K
  class space    used 10877K, capacity 11836K, committed 12160K, reserved 1048576K
Event: 4820.189 GC heap after
Heap after GC invocations=24 (full 6):
 PSYoungGen      total 452096K, used 27369K [0x00000000e0000000, 0x0000000100000000, 0x0000000100000000)
  eden space 376832K, 0% used [0x00000000e0000000,0x00000000e0000000,0x00000000f7000000)
  from space 75264K, 36% used [0x00000000fb680000,0x00000000fd13a660,0x0000000100000000)
  to   space 72192K, 0% used [0x00000000f7000000,0x00000000f7000000,0x00000000fb680000)
 ParOldGen       total 237568K, used 83378K [0x00000000a0000000, 0x00000000ae800000, 0x00000000e0000000)
  object space 237568K, 35% used [0x00000000a0000000,0x00000000a516cb58,0x00000000ae800000)
 Metaspace       used 85894K, capacity 90648K, committed 92032K, reserved 1128448K
  class space    used 10877K, capacity 11836K, committed 12160K, reserved 1048576K
}
Event: 4821.066 GC heap before
{Heap before GC invocations=25 (full 6):
 PSYoungGen      total 452096K, used 404201K [0x00000000e0000000, 0x0000000100000000, 0x0000000100000000)
  eden space 376832K, 100% used [0x00000000e0000000,0x00000000f7000000,0x00000000f7000000)
  from space 75264K, 36% used [0x00000000fb680000,0x00000000fd13a660,0x0000000100000000)
  to   space 72192K, 0% used [0x00000000f7000000,0x00000000f7000000,0x00000000fb680000)
 ParOldGen       total 237568K, used 83378K [0x00000000a0000000, 0x00000000ae800000, 0x00000000e0000000)
  object space 237568K, 35% used [0x00000000a0000000,0x00000000a516cb58,0x00000000ae800000)
 Metaspace       used 86496K, capacity 91260K, committed 92032K, reserved 1128448K
  class space    used 10948K, capacity 11912K, committed 12160K, reserved 1048576K
Event: 4821.139 GC heap after
Heap after GC invocations=25 (full 6):
 PSYoungGen      total 431104K, used 53878K [0x00000000e0000000, 0x0000000100000000, 0x0000000100000000)
  eden space 376832K, 0% used [0x00000000e0000000,0x00000000e0000000,0x00000000f7000000)
  from space 54272K, 99% used [0x00000000f7000000,0x00000000fa49db00,0x00000000fa500000)
  to   space 75776K, 0% used [0x00000000fb600000,0x00000000fb600000,0x0000000100000000)
 ParOldGen       total 237568K, used 107731K [0x00000000a0000000, 0x00000000ae800000, 0x00000000e0000000)
  object space 237568K, 45% used [0x00000000a0000000,0x00000000a6934e80,0x00000000ae800000)
 Metaspace       used 86496K, capacity 91260K, committed 92032K, reserved 1128448K
  class space    used 10948K, capacity 11912K, committed 12160K, reserved 1048576K
}
Event: 4831.196 GC heap before
{Heap before GC invocations=26 (full 6):
 PSYoungGen      total 431104K, used 430710K [0x00000000e0000000, 0x0000000100000000, 0x0000000100000000)
  eden space 376832K, 100% used [0x00000000e0000000,0x00000000f7000000,0x00000000f7000000)
  from space 54272K, 99% used [0x00000000f7000000,0x00000000fa49db00,0x00000000fa500000)
  to   space 75776K, 0% used [0x00000000fb600000,0x00000000fb600000,0x0000000100000000)
 ParOldGen       total 237568K, used 107731K [0x00000000a0000000, 0x00000000ae800000, 0x00000000e0000000)
  object space 237568K, 45% used [0x00000000a0000000,0x00000000a6934e80,0x00000000ae800000)
 Metaspace       used 86980K, capacity 91760K, committed 92288K, reserved 1130496K
  class space    used 10985K, capacity 11948K, committed 12160K, reserved 1048576K
Event: 4831.297 GC heap after
Heap after GC invocations=26 (full 6):
 PSYoungGen      total 441344K, used 56078K [0x00000000e0000000, 0x0000000100000000, 0x0000000100000000)
  eden space 365568K, 0% used [0x00000000e0000000,0x00000000e0000000,0x00000000f6500000)
  from space 75776K, 74% used [0x00000000fb600000,0x00000000fecc3ba8,0x0000000100000000)
  to   space 79360K, 0% used [0x00000000f6500000,0x00000000f6500000,0x00000000fb280000)
 ParOldGen       total 237568K, used 157181K [0x00000000a0000000, 0x00000000ae800000, 0x00000000e0000000)
  object space 237568K, 66% used [0x00000000a0000000,0x00000000a997f410,0x00000000ae800000)
 Metaspace       used 86980K, capacity 91760K, committed 92288K, reserved 1130496K
  class space    used 10985K, capacity 11948K, committed 12160K, reserved 1048576K
}

